<?xml version="1.0" encoding="UTF-8"?>
<testng-results ignored="0" total="1" passed="1" failed="0" skipped="0">
  <reporter-output>
  </reporter-output>
  <suite started-at="2022-08-11T17:11:01 AST" name="Default suite" finished-at="2022-08-11T17:11:15 AST" duration-ms="14068">
    <groups>
    </groups>
    <test started-at="2022-08-11T17:11:01 AST" name="Default test" finished-at="2022-08-11T17:11:15 AST" duration-ms="14068">
      <class name="Automation.containwithandor">
        <test-method signature="xPath()[pri:0, instance:Automation.containwithandor@29647f75]" started-at="2022-08-11T17:11:01 AST" name="xPath" finished-at="2022-08-11T17:11:15 AST" duration-ms="14040" status="PASS">
          <reporter-output>
          </reporter-output>
        </test-method> <!-- xPath -->
      </class> <!-- Automation.containwithandor -->
    </test> <!-- Default test -->
  </suite> <!-- Default suite -->
</testng-results>
