<?xml version="1.0" encoding="UTF-8"?>
<!-- Generated by org.testng.reporters.JUnitXMLReporter -->
<testsuite ignored="0" hostname="Rehams-MBP" failures="0" tests="4" name="Test" time="0.028" errors="0" timestamp="2022-08-10T12:02:27 AST">
  <testcase classname="W10.W10" name="simpleTest1" time="0.004"/>
  <testcase classname="W10.W10" name="simpleTest2" time="0.001"/>
  <testcase classname="W10.Class2" name="testcase3" time="0.0"/>
  <testcase classname="W10.Class2" name="testcase4" time="0.001"/>
</testsuite> <!-- Test -->
